<?xml version="1.0" encoding="UTF-8"?>
<testsuite xmlns:xsi="http://www.w3.org/2001/XMLSchema-instance" xsi:noNamespaceSchemaLocation="https://maven.apache.org/surefire/maven-surefire-plugin/xsd/surefire-test-report-3.0.xsd" version="3.0" name="Axis.Axis_Spring.AxisSpringApplicationTests" time="4.846" tests="1" errors="0" skipped="0" failures="0">
  <properties>
[...]
</properties>
  <testcase name="contextLoads" classname="Axis.Axis_Spring.AxisSpringApplicationTests" time="0.313">
    <system-out><![CDATA[16:08:20.778 [main] INFO org.springframework.test.context.support.AnnotationConfigContextLoaderUtils -- Could not detect default configuration classes for test class [Axis.Axis_Spring.AxisSpringApplicationTests]: AxisSpringApplicationTests does not declare any static, non-private, non-final, nested classes annotated with @Configuration.
16:08:20.860 [main] INFO org.springframework.boot.test.context.SpringBootTestContextBootstrapper -- Found @SpringBootConfiguration Axis.Axis_Spring.AxisSpringApplication for test class Axis.Axis_Spring.AxisSpringApplicationTests
16:08:20,649 |-INFO in ch.qos.logback.classic.LoggerContext[default] - This is logback-classic version 1.4.14
16:08:20,651 |-INFO in ch.qos.logback.classic.util.ContextInitializer@26c77f54 - Here is a list of configurators discovered as a service, by rank: 
16:08:20,651 |-INFO in ch.qos.logback.classic.util.ContextInitializer@26c77f54 -   org.springframework.boot.logging.logback.RootLogLevelConfigurator
16:08:20,651 |-INFO in ch.qos.logback.classic.util.ContextInitializer@26c77f54 - They will be invoked in order until ExecutionStatus.DO_NOT_INVOKE_NEXT_IF_ANY is returned.
16:08:20,651 |-INFO in ch.qos.logback.classic.util.ContextInitializer@26c77f54 - Constructed configurator of type class org.springframework.boot.logging.logback.RootLogLevelConfigurator
16:08:20,659 |-INFO in ch.qos.logback.classic.util.ContextInitializer@26c77f54 - org.springframework.boot.logging.logback.RootLogLevelConfigurator.configure() call lasted 2 milliseconds. ExecutionStatus=INVOKE_NEXT_IF_ANY
16:08:20,659 |-INFO in ch.qos.logback.classic.util.ContextInitializer@26c77f54 - Trying to configure with ch.qos.logback.classic.joran.SerializedModelConfigurator
16:08:20,660 |-INFO in ch.qos.logback.classic.util.ContextInitializer@26c77f54 - Constructed configurator of type class ch.qos.logback.classic.joran.SerializedModelConfigurator
16:08:20,661 |-INFO in ch.qos.logback.classic.LoggerContext[default] - Could NOT find resource [logback-test.scmo]
16:08:20,662 |-INFO in ch.qos.logback.classic.LoggerContext[default] - Could NOT find resource [logback.scmo]
16:08:20,662 |-INFO in ch.qos.logback.classic.util.ContextInitializer@26c77f54 - ch.qos.logback.classic.joran.SerializedModelConfigurator.configure() call lasted 2 milliseconds. ExecutionStatus=INVOKE_NEXT_IF_ANY
16:08:20,662 |-INFO in ch.qos.logback.classic.util.ContextInitializer@26c77f54 - Trying to configure with ch.qos.logback.classic.util.DefaultJoranConfigurator
16:08:20,662 |-INFO in ch.qos.logback.classic.util.ContextInitializer@26c77f54 - Constructed configurator of type class ch.qos.logback.classic.util.DefaultJoranConfigurator
16:08:20,663 |-INFO in ch.qos.logback.classic.LoggerContext[default] - Could NOT find resource [logback-test.xml]
16:08:20,663 |-INFO in ch.qos.logback.classic.LoggerContext[default] - Could NOT find resource [logback.xml]
16:08:20,663 |-INFO in ch.qos.logback.classic.util.ContextInitializer@26c77f54 - ch.qos.logback.classic.util.DefaultJoranConfigurator.configure() call lasted 1 milliseconds. ExecutionStatus=INVOKE_NEXT_IF_ANY
16:08:20,663 |-INFO in ch.qos.logback.classic.util.ContextInitializer@26c77f54 - Trying to configure with ch.qos.logback.classic.BasicConfigurator
16:08:20,664 |-INFO in ch.qos.logback.classic.util.ContextInitializer@26c77f54 - Constructed configurator of type class ch.qos.logback.classic.BasicConfigurator
16:08:20,664 |-INFO in ch.qos.logback.classic.BasicConfigurator@3e856100 - Setting up default configuration.
16:08:20,678 |-INFO in ch.qos.logback.classic.util.ContextInitializer@26c77f54 - ch.qos.logback.classic.BasicConfigurator.configure() call lasted 14 milliseconds. ExecutionStatus=NEUTRAL
16:08:21,174 |-INFO in ch.qos.logback.classic.model.processor.ConfigurationModelHandlerFull - Registering a new ReconfigureOnChangeTask ReconfigureOnChangeTask(born:1746774501174)
16:08:21,174 |-INFO in ch.qos.logback.classic.model.processor.ConfigurationModelHandlerFull - Will scan for changes in [file:/E:/Program%20Study/Spring/AxisSpring/target/classes/logback-spring.xml] 
16:08:21,175 |-INFO in ch.qos.logback.classic.model.processor.ConfigurationModelHandlerFull - Setting ReconfigureOnChangeTask scanning period to 30 seconds
16:08:21,177 |-INFO in ch.qos.logback.core.model.processor.AppenderModelHandler - Processing appender named [console]
16:08:21,177 |-INFO in ch.qos.logback.core.model.processor.AppenderModelHandler - About to instantiate appender of type [ch.qos.logback.core.ConsoleAppender]
16:08:21,182 |-INFO in ch.qos.logback.core.model.processor.ImplicitModelHandler - Assuming default type [ch.qos.logback.classic.encoder.PatternLayoutEncoder] for [encoder] property
16:08:21,195 |-WARN in ch.qos.logback.core.model.processor.AppenderModelHandler - Appender named [DEBUG_LOG] not referenced. Skipping further processing.
16:08:21,195 |-WARN in ch.qos.logback.core.model.processor.AppenderModelHandler - Appender named [INFO_LOG] not referenced. Skipping further processing.
16:08:21,195 |-INFO in ch.qos.logback.classic.model.processor.RootLoggerModelHandler - Setting level of ROOT logger to INFO
16:08:21,195 |-INFO in ch.qos.logback.classic.jul.LevelChangePropagator@6e9a0bea - Propagating INFO level on Logger[ROOT] onto the JUL framework
16:08:21,195 |-INFO in ch.qos.logback.core.model.processor.AppenderRefModelHandler - Attaching appender named [console] to Logger[ROOT]
16:08:21,195 |-INFO in ch.qos.logback.core.model.processor.DefaultProcessor@28fc1132 - End of configuration.
16:08:21,196 |-INFO in org.springframework.boot.logging.logback.SpringBootJoranConfigurator@355ce6a6 - Registering current configuration as safe fallback point


  .   ____          _            __ _ _
 /\\ / ___'_ __ _ _(_)_ __  __ _ \ \ \ \
( ( )\___ | '_ | '_| | '_ \/ _` | \ \ \ \
 \\/  ___)| |_)| | | | | || (_| |  ) ) ) )
  '  |____| .__|_| |_|_| |_\__, | / / / /
 =========|_|==============|___/=/_/_/_/
&amp#27;[32m :: Spring Boot :: &amp#27;[39m              &amp#27;[2m (v3.2.8)&amp#27;[0;39m

&amp#27;[32m[2025-05-09 16:08:21.222]&amp#27;[0;39m &amp#27;[35m[INFO ]&amp#27;[0;39m &amp#27;[34m[background-preinit]&amp#27;[0;39m &amp#27;[36mo.h.v.internal.util.Version&amp#27;[0;39m &amp#27;[33mHV000001: Hibernate Validator 8.0.1.Final
&amp#27;[0;39m&amp#27;[32m[2025-05-09 16:08:21.245]&amp#27;[0;39m &amp#27;[35m[INFO ]&amp#27;[0;39m &amp#27;[34m[main]&amp#27;[0;39m &amp#27;[36mA.A.AxisSpringApplicationTests&amp#27;[0;39m &amp#27;[33mStarting AxisSpringApplicationTests using Java 21.0.6 with PID 7648 (started by erlia in E:\Program Study\Spring\AxisSpring)
&amp#27;[0;39m&amp#27;[32m[2025-05-09 16:08:21.245]&amp#27;[0;39m &amp#27;[35m[INFO ]&amp#27;[0;39m &amp#27;[34m[main]&amp#27;[0;39m &amp#27;[36mA.A.AxisSpringApplicationTests&amp#27;[0;39m &amp#27;[33mNo active profile set, falling back to 1 default profile: "default"
&amp#27;[0;39m&amp#27;[32m[2025-05-09 16:08:22.080]&amp#27;[0;39m &amp#27;[35m[INFO ]&amp#27;[0;39m &amp#27;[34m[main]&amp#27;[0;39m &amp#27;[36mo.s.d.r.c.RepositoryConfigurationDelegate&amp#27;[0;39m &amp#27;[33mBootstrapping Spring Data JPA repositories in DEFAULT mode.
&amp#27;[0;39m&amp#27;[32m[2025-05-09 16:08:22.122]&amp#27;[0;39m &amp#27;[35m[INFO ]&amp#27;[0;39m &amp#27;[34m[main]&amp#27;[0;39m &amp#27;[36mo.s.d.r.c.RepositoryConfigurationDelegate&amp#27;[0;39m &amp#27;[33mFinished Spring Data repository scanning in 36 ms. Found 1 JPA repository interface.
&amp#27;[0;39m&amp#27;[32m[2025-05-09 16:08:22.657]&amp#27;[0;39m &amp#27;[35m[INFO ]&amp#27;[0;39m &amp#27;[34m[main]&amp#27;[0;39m &amp#27;[36mo.h.j.internal.util.LogHelper&amp#27;[0;39m &amp#27;[33mHHH000204: Processing PersistenceUnitInfo [name: default]
&amp#27;[0;39m&amp#27;[32m[2025-05-09 16:08:22.704]&amp#27;[0;39m &amp#27;[35m[INFO ]&amp#27;[0;39m &amp#27;[34m[main]&amp#27;[0;39m &amp#27;[36morg.hibernate.Version&amp#27;[0;39m &amp#27;[33mHHH000412: Hibernate ORM core version 6.4.9.Final
&amp#27;[0;39m&amp#27;[32m[2025-05-09 16:08:22.729]&amp#27;[0;39m &amp#27;[35m[INFO ]&amp#27;[0;39m &amp#27;[34m[main]&amp#27;[0;39m &amp#27;[36mo.h.c.i.RegionFactoryInitiator&amp#27;[0;39m &amp#27;[33mHHH000026: Second-level cache disabled
&amp#27;[0;39m&amp#27;[32m[2025-05-09 16:08:22.928]&amp#27;[0;39m &amp#27;[35m[INFO ]&amp#27;[0;39m &amp#27;[34m[main]&amp#27;[0;39m &amp#27;[36mo.s.o.j.p.SpringPersistenceUnitInfo&amp#27;[0;39m &amp#27;[33mNo LoadTimeWeaver setup: ignoring JPA class transformer
&amp#27;[0;39m&amp#27;[32m[2025-05-09 16:08:22.955]&amp#27;[0;39m &amp#27;[35m[INFO ]&amp#27;[0;39m &amp#27;[34m[main]&amp#27;[0;39m &amp#27;[36mc.z.hikari.HikariDataSource&amp#27;[0;39m &amp#27;[33mHikariPool-1 - Starting...
&amp#27;[0;39m&amp#27;[32m[2025-05-09 16:08:23.064]&amp#27;[0;39m &amp#27;[35m[INFO ]&amp#27;[0;39m &amp#27;[34m[main]&amp#27;[0;39m &amp#27;[36mc.z.hikari.pool.HikariPool&amp#27;[0;39m &amp#27;[33mHikariPool-1 - Added connection org.mariadb.jdbc.Connection@62ec0967
&amp#27;[0;39m&amp#27;[32m[2025-05-09 16:08:23.067]&amp#27;[0;39m &amp#27;[35m[INFO ]&amp#27;[0;39m &amp#27;[34m[main]&amp#27;[0;39m &amp#27;[36mc.z.hikari.HikariDataSource&amp#27;[0;39m &amp#27;[33mHikariPool-1 - Start completed.
&amp#27;[0;39m&amp#27;[32m[2025-05-09 16:08:23.835]&amp#27;[0;39m &amp#27;[35m[INFO ]&amp#27;[0;39m &amp#27;[34m[main]&amp#27;[0;39m &amp#27;[36mo.h.e.t.j.p.i.JtaPlatformInitiator&amp#27;[0;39m &amp#27;[33mHHH000489: No JTA platform available (set 'hibernate.transaction.jta.platform' to enable JTA platform integration)
&amp#27;[0;39m&amp#27;[32m[2025-05-09 16:08:23.889]&amp#27;[0;39m &amp#27;[35m[INFO ]&amp#27;[0;39m &amp#27;[34m[main]&amp#27;[0;39m &amp#27;[36mo.s.o.j.LocalContainerEntityManagerFactoryBean&amp#27;[0;39m &amp#27;[33mInitialized JPA EntityManagerFactory for persistence unit 'default'
&amp#27;[0;39m&amp#27;[32m[2025-05-09 16:08:24.375]&amp#27;[0;39m &amp#27;[35m[WARN ]&amp#27;[0;39m &amp#27;[31m[main]&amp#27;[0;39m &amp#27;[36mo.s.b.a.o.j.JpaBaseConfiguration$JpaWebConfiguration&amp#27;[0;39m &amp#27;[33mspring.jpa.open-in-view is enabled by default. Therefore, database queries may be performed during view rendering. Explicitly configure spring.jpa.open-in-view to disable this warning
&amp#27;[0;39m&amp#27;[32m[2025-05-09 16:08:24.719]&amp#27;[0;39m &amp#27;[35m[WARN ]&amp#27;[0;39m &amp#27;[31m[main]&amp#27;[0;39m &amp#27;[36mo.s.b.a.t.ThymeleafAutoConfiguration$DefaultTemplateResolverConfiguration&amp#27;[0;39m &amp#27;[33mCannot find template location: classpath:/templates/ (please add some templates, check your Thymeleaf configuration, or set spring.thymeleaf.check-template-location=false)
&amp#27;[0;39m&amp#27;[32m[2025-05-09 16:08:25.038]&amp#27;[0;39m &amp#27;[35m[INFO ]&amp#27;[0;39m &amp#27;[34m[main]&amp#27;[0;39m &amp#27;[36mo.s.b.a.e.w.EndpointLinksResolver&amp#27;[0;39m &amp#27;[33mExposing 1 endpoint(s) beneath base path '/actuator'
&amp#27;[0;39m&amp#27;[32m[2025-05-09 16:08:25.081]&amp#27;[0;39m &amp#27;[35m[INFO ]&amp#27;[0;39m &amp#27;[34m[main]&amp#27;[0;39m &amp#27;[36mA.A.AxisSpringApplicationTests&amp#27;[0;39m &amp#27;[33mStarted AxisSpringApplicationTests in 4.092 seconds (process running for 5.049)
&amp#27;[0;39m]]></system-out>
    <system-err><![CDATA[WARNING: A Java agent has been loaded dynamically (C:\Users\erlia\.m2\repository\net\bytebuddy\byte-buddy-agent\1.14.18\byte-buddy-agent-1.14.18.jar)
WARNING: If a serviceability tool is in use, please run with -XX:+EnableDynamicAgentLoading to hide this warning
WARNING: If a serviceability tool is not in use, please run with -Djdk.instrument.traceUsage for more information
WARNING: Dynamic loading of agents will be disallowed by default in a future release
]]></system-err>
  </testcase>
</testsuite>